<?xml version="1.0" encoding="UTF-8"?>
<!-- Generated by org.testng.reporters.JUnitXMLReporter -->
<testsuite ignored="0" hostname="Goku" failures="2" tests="13" name="Test" time="45.444" errors="0" timestamp="2025-12-21T13:27:43 IST">
  <testcase classname="com.runner.NaukriRunner" name="@AfterTest browserTermination" time="0.002">
    <failure type="java.lang.AssertionError" message="ERROR: OCCURRED DURING CLOSING BROWSER">
      <![CDATA[java.lang.AssertionError: ERROR: OCCURRED DURING CLOSING BROWSER
at org.junit.Assert.fail(Assert.java:89)
at com.base.Base_Class.closeBrowser(Base_Class.java:85)
at com.runner.NaukriRunner.browserTermination(NaukriRunner.java:95)
... Removed 22 stack frames]]>
    </failure>
  </testcase> <!-- @AfterTest browserTermination -->
  <testcase classname="com.runner.NaukriRunner" name="ProfileUpdate" time="2.848"/>
  <testcase classname="com.runner.NaukriRunner" name="resumeUpload" time="5.339"/>
  <testcase classname="com.runner.NaukriRunner" name="resumeHeadline" time="0.523"/>
  <testcase classname="com.runner.NaukriRunner" name="keyskills" time="6.125"/>
  <testcase classname="com.runner.NaukriRunner" name="employmentPage" time="0.09"/>
  <testcase classname="com.runner.NaukriRunner" name="itSkills" time="0.235"/>
  <testcase classname="com.runner.NaukriRunner" name="projectPage" time="4.19">
    <skipped/>
  </testcase> <!-- projectPage -->
  <testcase classname="com.runner.NaukriRunner" name="projectPage" time="4.113">
    <skipped/>
  </testcase> <!-- projectPage -->
  <testcase classname="com.runner.NaukriRunner" name="projectPage" time="4.117">
    <skipped/>
  </testcase> <!-- projectPage -->
  <testcase classname="com.runner.NaukriRunner" name="projectPage" time="4.112">
    <skipped/>
  </testcase> <!-- projectPage -->
  <testcase classname="com.runner.NaukriRunner" name="projectPage" time="4.105">
    <skipped/>
  </testcase> <!-- projectPage -->
  <testcase classname="com.runner.NaukriRunner" name="projectPage" time="3.099">
    <failure type="java.lang.AssertionError" message="ERROR: OCCURRED DURING CLICKING OF ELEMENT">
      <![CDATA[java.lang.AssertionError: ERROR: OCCURRED DURING CLICKING OF ELEMENT
at org.junit.Assert.fail(Assert.java:89)
at com.base.Base_Class.elementClick(Base_Class.java:76)
at com.pageobjectmodel.ProjectsPage.ProjectsPageValidation(ProjectsPage.java:53)
at com.runner.NaukriRunner.projectPage(NaukriRunner.java:70)
at java.base/java.util.ArrayList.forEach(ArrayList.java:1596)
... Removed 25 stack frames]]>
    </failure>
  </testcase> <!-- projectPage -->
  <testcase classname="com.runner.NaukriRunner" name="projectPage" time="23.74">
    <failure type="org.openqa.selenium.NoSuchSessionException" message="invalid session id
Build info: version: &amp;apos;4.13.0&amp;apos;, revision: &amp;apos;ba948ece5b*&amp;apos;
System info: os.name: &amp;apos;Windows 11&amp;apos;, os.arch: &amp;apos;amd64&amp;apos;, os.version: &amp;apos;10.0&amp;apos;, java.version: &amp;apos;21.0.9&amp;apos;
Driver info: org.openqa.selenium.chrome.ChromeDriver
Command: [81484e9b2007b98935241070b5ae55da, screenshot {}]
Capabilities {acceptInsecureCerts: false, browserName: chrome, browserVersion: 143.0.7499.148, chrome: {chromedriverVersion: 143.0.7499.169 (164b20aab62..., userDataDir: C:\Users\PRABU_~1\AppData\L...}, fedcm:accounts: true, goog:chromeOptions: {debuggerAddress: localhost:53453}, goog:processID: 19276, networkConnectionEnabled: false, pageLoadStrategy: normal, platformName: windows, proxy: Proxy(), se:cdp: ws://localhost:53453/devtoo..., se:cdpVersion: 143.0.7499.148, setWindowRect: true, strictFileInteractability: false, timeouts: {implicit: 0, pageLoad: 300000, script: 30000}, unhandledPromptBehavior: dismiss and notify, webauthn:extension:credBlob: true, webauthn:extension:largeBlob: true, webauthn:extension:minPinLength: true, webauthn:extension:prf: true, webauthn:virtualAuthenticators: true}
Session ID: 81484e9b2007b98935241070b5ae55da">
      <![CDATA[org.openqa.selenium.NoSuchSessionException: invalid session id
Build info: version: '4.13.0', revision: 'ba948ece5b*'
System info: os.name: 'Windows 11', os.arch: 'amd64', os.version: '10.0', java.version: '21.0.9'
Driver info: org.openqa.selenium.chrome.ChromeDriver
Command: [81484e9b2007b98935241070b5ae55da, screenshot {}]
Capabilities {acceptInsecureCerts: false, browserName: chrome, browserVersion: 143.0.7499.148, chrome: {chromedriverVersion: 143.0.7499.169 (164b20aab62..., userDataDir: C:\Users\PRABU_~1\AppData\L...}, fedcm:accounts: true, goog:chromeOptions: {debuggerAddress: localhost:53453}, goog:processID: 19276, networkConnectionEnabled: false, pageLoadStrategy: normal, platformName: windows, proxy: Proxy(), se:cdp: ws://localhost:53453/devtoo..., se:cdpVersion: 143.0.7499.148, setWindowRect: true, strictFileInteractability: false, timeouts: {implicit: 0, pageLoad: 300000, script: 30000}, unhandledPromptBehavior: dismiss and notify, webauthn:extension:credBlob: true, webauthn:extension:largeBlob: true, webauthn:extension:minPinLength: true, webauthn:extension:prf: true, webauthn:virtualAuthenticators: true}
Session ID: 81484e9b2007b98935241070b5ae55da
at org.openqa.selenium.remote.codec.w3c.W3CHttpResponseCodec.createException(W3CHttpResponseCodec.java:200)
at org.openqa.selenium.remote.codec.w3c.W3CHttpResponseCodec.decode(W3CHttpResponseCodec.java:133)
at org.openqa.selenium.remote.codec.w3c.W3CHttpResponseCodec.decode(W3CHttpResponseCodec.java:52)
at org.openqa.selenium.remote.HttpCommandExecutor.execute(HttpCommandExecutor.java:191)
at org.openqa.selenium.remote.service.DriverCommandExecutor.invokeExecute(DriverCommandExecutor.java:196)
at org.openqa.selenium.remote.service.DriverCommandExecutor.execute(DriverCommandExecutor.java:171)
at org.openqa.selenium.remote.RemoteWebDriver.execute(RemoteWebDriver.java:602)
at org.openqa.selenium.remote.RemoteWebDriver.execute(RemoteWebDriver.java:675)
at org.openqa.selenium.remote.RemoteWebDriver.execute(RemoteWebDriver.java:679)
at org.openqa.selenium.remote.RemoteWebDriver.getScreenshotAs(RemoteWebDriver.java:325)
at com.base.Base_Class.takeScreenshot(Base_Class.java:389)
at com.listner.ITestListenerClass.onTestFailure(ITestListenerClass.java:34)
at java.base/java.util.ArrayList.forEach(ArrayList.java:1596)
... Removed 27 stack frames]]>
    </failure>
  </testcase> <!-- projectPage -->
</testsuite> <!-- Test -->
