<?xml version="1.0" encoding="UTF-8"?>
<!-- Generated by org.testng.reporters.JUnitXMLReporter -->
<testsuite ignored="0" hostname="Goku" failures="1" tests="7" name="Test" time="7.88" errors="0" timestamp="2025-12-15T23:04:56 IST">
  <testcase classname="com.testNG.SimpleAnnotations" name="accessories" time="0.005"/>
  <testcase classname="com.testNG.SimpleAnnotations" name="kids" time="0.001"/>
  <testcase classname="com.testNG.SimpleAnnotations" name="men" time="0.001"/>
  <testcase classname="com.testNG.SimpleAnnotations" name="women" time="0.001"/>
  <testcase classname="com.testNG.CrossBrowserTesting" name="Firefox" time="5.352"/>
  <testcase classname="com.testNG.CrossBrowserTesting" name="chrome" time="2.424"/>
  <testcase classname="com.testNG.CrossBrowserTesting" name="edge" time="0.034">
    <failure type="java.lang.AssertionError" message="Error: occured During Browser launch">
      <![CDATA[java.lang.AssertionError: Error: occured During Browser launch
at org.junit.Assert.fail(Assert.java:89)
at com.base.Base_Class.launchBrowser(Base_Class.java:38)
at com.testNG.CrossBrowserTesting.edge(CrossBrowserTesting.java:11)
at java.base/java.util.ArrayList.forEach(ArrayList.java:1596)
... Removed 25 stack frames]]>
    </failure>
  </testcase> <!-- edge -->
</testsuite> <!-- Test -->
