<?xml version="1.0" encoding="UTF-8"?>
<!-- Generated by org.testng.reporters.JUnitReportReporter -->
<testsuite hostname="Goku" failures="0" tests="11" name="com.runner.NaukriRunner" time="29.888" errors="0" timestamp="2025-12-20T13:32:36 IST" skipped="0">
  <testcase classname="com.runner.NaukriRunner" name="ProfileUpdate" time="2.359"/>
  <testcase classname="com.runner.NaukriRunner" name="resumeUpload" time="5.321"/>
  <testcase classname="com.runner.NaukriRunner" name="resumeHeadline" time="0.538"/>
  <testcase classname="com.runner.NaukriRunner" name="keyskills" time="6.097"/>
  <testcase classname="com.runner.NaukriRunner" name="employmentPage" time="0.094"/>
  <testcase classname="com.runner.NaukriRunner" name="itSkills" time="0.219"/>
  <testcase classname="com.runner.NaukriRunner" name="projectPage" time="13.644"/>
  <testcase classname="com.runner.NaukriRunner" name="ProfileSummary" time="0.663"/>
  <testcase classname="com.runner.NaukriRunner" name="careerprofile" time="0.005"/>
  <testcase classname="com.runner.NaukriRunner" name="personalPage" time="0.000"/>
  <testcase classname="com.runner.NaukriRunner" name="logout" time="0.948"/>
</testsuite> <!-- com.runner.NaukriRunner -->
