<?xml version="1.0" encoding="UTF-8"?>
<!-- Generated by org.testng.reporters.JUnitReportReporter -->
<testsuite hostname="Goku" failures="0" tests="4" name="com.testNG.SimpleAnnotations" time="0.009" errors="0" timestamp="2025-12-15T23:04:56 IST" skipped="0">
  <testcase classname="com.testNG.SimpleAnnotations" name="kids" time="0.001"/>
  <testcase classname="com.testNG.SimpleAnnotations" name="men" time="0.001"/>
  <testcase classname="com.testNG.SimpleAnnotations" name="women" time="0.002"/>
  <testcase classname="com.testNG.SimpleAnnotations" name="accessories" time="0.005"/>
</testsuite> <!-- com.testNG.SimpleAnnotations -->
